<?xml version="1.0" encoding="UTF-8"?>
<testsuite xmlns:xsi="http://www.w3.org/2001/XMLSchema-instance" xsi:noNamespaceSchemaLocation="https://maven.apache.org/surefire/maven-surefire-plugin/xsd/surefire-test-report.xsd" name="com.sis.onboarding.SisOnboardingApplicationTests" time="7.364" tests="1" errors="0" skipped="0" failures="0">
  <properties>
    <property name="sun.desktop" value="gnome"/>
    <property name="awt.toolkit" value="sun.awt.X11.XToolkit"/>
    <property name="file.encoding.pkg" value="sun.io"/>
    <property name="java.specification.version" value="1.8"/>
    <property name="sun.jnu.encoding" value="UTF-8"/>
    <property name="java.class.path" value="/home/shwetrai/STS/SpringWorkspace/SISOnboardingWrkspc/PMOtoolUI/SISOnboarding/target/test-classes:/home/shwetrai/STS/SpringWorkspace/SISOnboardingWrkspc/PMOtoolUI/SISOnboarding/target/classes:/home/shwetrai/.m2/repository/org/springframework/boot/spring-boot-starter-thymeleaf/2.1.0.RELEASE/spring-boot-starter-thymeleaf-2.1.0.RELEASE.jar:/home/shwetrai/.m2/repository/org/springframework/boot/spring-boot-starter/2.1.0.RELEASE/spring-boot-starter-2.1.0.RELEASE.jar:/home/shwetrai/.m2/repository/org/springframework/boot/spring-boot/2.1.0.RELEASE/spring-boot-2.1.0.RELEASE.jar:/home/shwetrai/.m2/repository/org/springframework/boot/spring-boot-autoconfigure/2.1.0.RELEASE/spring-boot-autoconfigure-2.1.0.RELEASE.jar:/home/shwetrai/.m2/repository/org/springframework/boot/spring-boot-starter-logging/2.1.0.RELEASE/spring-boot-starter-logging-2.1.0.RELEASE.jar:/home/shwetrai/.m2/repository/ch/qos/logback/logback-classic/1.2.3/logback-classic-1.2.3.jar:/home/shwetrai/.m2/repository/ch/qos/logback/logback-core/1.2.3/logback-core-1.2.3.jar:/home/shwetrai/.m2/repository/org/apache/logging/log4j/log4j-to-slf4j/2.11.1/log4j-to-slf4j-2.11.1.jar:/home/shwetrai/.m2/repository/org/apache/logging/log4j/log4j-api/2.11.1/log4j-api-2.11.1.jar:/home/shwetrai/.m2/repository/org/slf4j/jul-to-slf4j/1.7.25/jul-to-slf4j-1.7.25.jar:/home/shwetrai/.m2/repository/javax/annotation/javax.annotation-api/1.3.2/javax.annotation-api-1.3.2.jar:/home/shwetrai/.m2/repository/org/yaml/snakeyaml/1.23/snakeyaml-1.23.jar:/home/shwetrai/.m2/repository/org/thymeleaf/thymeleaf-spring5/3.0.11.RELEASE/thymeleaf-spring5-3.0.11.RELEASE.jar:/home/shwetrai/.m2/repository/org/thymeleaf/thymeleaf/3.0.11.RELEASE/thymeleaf-3.0.11.RELEASE.jar:/home/shwetrai/.m2/repository/org/attoparser/attoparser/2.0.5.RELEASE/attoparser-2.0.5.RELEASE.jar:/home/shwetrai/.m2/repository/org/unbescape/unbescape/1.1.6.RELEASE/unbescape-1.1.6.RELEASE.jar:/home/shwetrai/.m2/repository/org/slf4j/slf4j-api/1.7.25/slf4j-api-1.7.25.jar:/home/shwetrai/.m2/repository/org/thymeleaf/extras/thymeleaf-extras-java8time/3.0.1.RELEASE/thymeleaf-extras-java8time-3.0.1.RELEASE.jar:/home/shwetrai/.m2/repository/org/springframework/boot/spring-boot-starter-web/2.1.0.RELEASE/spring-boot-starter-web-2.1.0.RELEASE.jar:/home/shwetrai/.m2/repository/org/springframework/boot/spring-boot-starter-json/2.1.0.RELEASE/spring-boot-starter-json-2.1.0.RELEASE.jar:/home/shwetrai/.m2/repository/com/fasterxml/jackson/core/jackson-databind/2.9.7/jackson-databind-2.9.7.jar:/home/shwetrai/.m2/repository/com/fasterxml/jackson/core/jackson-annotations/2.9.0/jackson-annotations-2.9.0.jar:/home/shwetrai/.m2/repository/com/fasterxml/jackson/core/jackson-core/2.9.7/jackson-core-2.9.7.jar:/home/shwetrai/.m2/repository/com/fasterxml/jackson/datatype/jackson-datatype-jdk8/2.9.7/jackson-datatype-jdk8-2.9.7.jar:/home/shwetrai/.m2/repository/com/fasterxml/jackson/datatype/jackson-datatype-jsr310/2.9.7/jackson-datatype-jsr310-2.9.7.jar:/home/shwetrai/.m2/repository/com/fasterxml/jackson/module/jackson-module-parameter-names/2.9.7/jackson-module-parameter-names-2.9.7.jar:/home/shwetrai/.m2/repository/org/springframework/boot/spring-boot-starter-tomcat/2.1.0.RELEASE/spring-boot-starter-tomcat-2.1.0.RELEASE.jar:/home/shwetrai/.m2/repository/org/apache/tomcat/embed/tomcat-embed-core/9.0.12/tomcat-embed-core-9.0.12.jar:/home/shwetrai/.m2/repository/org/apache/tomcat/embed/tomcat-embed-el/9.0.12/tomcat-embed-el-9.0.12.jar:/home/shwetrai/.m2/repository/org/apache/tomcat/embed/tomcat-embed-websocket/9.0.12/tomcat-embed-websocket-9.0.12.jar:/home/shwetrai/.m2/repository/org/hibernate/validator/hibernate-validator/6.0.13.Final/hibernate-validator-6.0.13.Final.jar:/home/shwetrai/.m2/repository/javax/validation/validation-api/2.0.1.Final/validation-api-2.0.1.Final.jar:/home/shwetrai/.m2/repository/org/jboss/logging/jboss-logging/3.3.2.Final/jboss-logging-3.3.2.Final.jar:/home/shwetrai/.m2/repository/com/fasterxml/classmate/1.4.0/classmate-1.4.0.jar:/home/shwetrai/.m2/repository/org/springframework/spring-web/5.1.2.RELEASE/spring-web-5.1.2.RELEASE.jar:/home/shwetrai/.m2/repository/org/springframework/spring-beans/5.1.2.RELEASE/spring-beans-5.1.2.RELEASE.jar:/home/shwetrai/.m2/repository/org/springframework/spring-webmvc/5.1.2.RELEASE/spring-webmvc-5.1.2.RELEASE.jar:/home/shwetrai/.m2/repository/org/springframework/spring-aop/5.1.2.RELEASE/spring-aop-5.1.2.RELEASE.jar:/home/shwetrai/.m2/repository/org/springframework/spring-context/5.1.2.RELEASE/spring-context-5.1.2.RELEASE.jar:/home/shwetrai/.m2/repository/org/springframework/spring-expression/5.1.2.RELEASE/spring-expression-5.1.2.RELEASE.jar:/home/shwetrai/.m2/repository/org/springframework/boot/spring-boot-starter-test/2.1.0.RELEASE/spring-boot-starter-test-2.1.0.RELEASE.jar:/home/shwetrai/.m2/repository/org/springframework/boot/spring-boot-test/2.1.0.RELEASE/spring-boot-test-2.1.0.RELEASE.jar:/home/shwetrai/.m2/repository/org/springframework/boot/spring-boot-test-autoconfigure/2.1.0.RELEASE/spring-boot-test-autoconfigure-2.1.0.RELEASE.jar:/home/shwetrai/.m2/repository/com/jayway/jsonpath/json-path/2.4.0/json-path-2.4.0.jar:/home/shwetrai/.m2/repository/net/minidev/json-smart/2.3/json-smart-2.3.jar:/home/shwetrai/.m2/repository/net/minidev/accessors-smart/1.2/accessors-smart-1.2.jar:/home/shwetrai/.m2/repository/org/ow2/asm/asm/5.0.4/asm-5.0.4.jar:/home/shwetrai/.m2/repository/junit/junit/4.12/junit-4.12.jar:/home/shwetrai/.m2/repository/org/assertj/assertj-core/3.11.1/assertj-core-3.11.1.jar:/home/shwetrai/.m2/repository/org/mockito/mockito-core/2.23.0/mockito-core-2.23.0.jar:/home/shwetrai/.m2/repository/net/bytebuddy/byte-buddy/1.9.3/byte-buddy-1.9.3.jar:/home/shwetrai/.m2/repository/net/bytebuddy/byte-buddy-agent/1.9.3/byte-buddy-agent-1.9.3.jar:/home/shwetrai/.m2/repository/org/objenesis/objenesis/2.6/objenesis-2.6.jar:/home/shwetrai/.m2/repository/org/hamcrest/hamcrest-core/1.3/hamcrest-core-1.3.jar:/home/shwetrai/.m2/repository/org/hamcrest/hamcrest-library/1.3/hamcrest-library-1.3.jar:/home/shwetrai/.m2/repository/org/skyscreamer/jsonassert/1.5.0/jsonassert-1.5.0.jar:/home/shwetrai/.m2/repository/com/vaadin/external/google/android-json/0.0.20131108.vaadin1/android-json-0.0.20131108.vaadin1.jar:/home/shwetrai/.m2/repository/org/springframework/spring-core/5.1.2.RELEASE/spring-core-5.1.2.RELEASE.jar:/home/shwetrai/.m2/repository/org/springframework/spring-jcl/5.1.2.RELEASE/spring-jcl-5.1.2.RELEASE.jar:/home/shwetrai/.m2/repository/org/springframework/spring-test/5.1.2.RELEASE/spring-test-5.1.2.RELEASE.jar:/home/shwetrai/.m2/repository/org/xmlunit/xmlunit-core/2.6.2/xmlunit-core-2.6.2.jar:/home/shwetrai/.m2/repository/org/springframework/boot/spring-boot-configuration-processor/2.1.0.RELEASE/spring-boot-configuration-processor-2.1.0.RELEASE.jar:"/>
    <property name="com.ibm.zero.version" value="2"/>
    <property name="java.vm.vendor" value="IBM Corporation"/>
    <property name="sun.arch.data.model" value="64"/>
    <property name="com.ibm.vm.bitmode" value="64"/>
    <property name="user.variant" value=""/>
    <property name="com.ibm.oti.vm.library.version" value="28"/>
    <property name="java.vendor.url" value="http://www.ibm.com/"/>
    <property name="user.timezone" value=""/>
    <property name="os.name" value="Linux"/>
    <property name="java.vm.specification.version" value="1.8"/>
    <property name="sun.java.launcher" value="SUN_STANDARD"/>
    <property name="user.country" value="US"/>
    <property name="sun.boot.library.path" value="/usr/local/WebSphereLiberty/java/java/jre/lib/amd64/compressedrefs:/usr/local/WebSphereLiberty/java/java/jre/lib/amd64"/>
    <property name="sun.java.command" value="/home/shwetrai/STS/SpringWorkspace/SISOnboardingWrkspc/PMOtoolUI/SISOnboarding/target/surefire/surefirebooter5816381929217172129.jar /home/shwetrai/STS/SpringWorkspace/SISOnboardingWrkspc/PMOtoolUI/SISOnboarding/target/surefire 2019-01-22T17-38-31_358-jvmRun1 surefire7313516620474153974tmp surefire_08085464786490358332tmp"/>
    <property name="surefire.test.class.path" value="/home/shwetrai/STS/SpringWorkspace/SISOnboardingWrkspc/PMOtoolUI/SISOnboarding/target/test-classes:/home/shwetrai/STS/SpringWorkspace/SISOnboardingWrkspc/PMOtoolUI/SISOnboarding/target/classes:/home/shwetrai/.m2/repository/org/springframework/boot/spring-boot-starter-thymeleaf/2.1.0.RELEASE/spring-boot-starter-thymeleaf-2.1.0.RELEASE.jar:/home/shwetrai/.m2/repository/org/springframework/boot/spring-boot-starter/2.1.0.RELEASE/spring-boot-starter-2.1.0.RELEASE.jar:/home/shwetrai/.m2/repository/org/springframework/boot/spring-boot/2.1.0.RELEASE/spring-boot-2.1.0.RELEASE.jar:/home/shwetrai/.m2/repository/org/springframework/boot/spring-boot-autoconfigure/2.1.0.RELEASE/spring-boot-autoconfigure-2.1.0.RELEASE.jar:/home/shwetrai/.m2/repository/org/springframework/boot/spring-boot-starter-logging/2.1.0.RELEASE/spring-boot-starter-logging-2.1.0.RELEASE.jar:/home/shwetrai/.m2/repository/ch/qos/logback/logback-classic/1.2.3/logback-classic-1.2.3.jar:/home/shwetrai/.m2/repository/ch/qos/logback/logback-core/1.2.3/logback-core-1.2.3.jar:/home/shwetrai/.m2/repository/org/apache/logging/log4j/log4j-to-slf4j/2.11.1/log4j-to-slf4j-2.11.1.jar:/home/shwetrai/.m2/repository/org/apache/logging/log4j/log4j-api/2.11.1/log4j-api-2.11.1.jar:/home/shwetrai/.m2/repository/org/slf4j/jul-to-slf4j/1.7.25/jul-to-slf4j-1.7.25.jar:/home/shwetrai/.m2/repository/javax/annotation/javax.annotation-api/1.3.2/javax.annotation-api-1.3.2.jar:/home/shwetrai/.m2/repository/org/yaml/snakeyaml/1.23/snakeyaml-1.23.jar:/home/shwetrai/.m2/repository/org/thymeleaf/thymeleaf-spring5/3.0.11.RELEASE/thymeleaf-spring5-3.0.11.RELEASE.jar:/home/shwetrai/.m2/repository/org/thymeleaf/thymeleaf/3.0.11.RELEASE/thymeleaf-3.0.11.RELEASE.jar:/home/shwetrai/.m2/repository/org/attoparser/attoparser/2.0.5.RELEASE/attoparser-2.0.5.RELEASE.jar:/home/shwetrai/.m2/repository/org/unbescape/unbescape/1.1.6.RELEASE/unbescape-1.1.6.RELEASE.jar:/home/shwetrai/.m2/repository/org/slf4j/slf4j-api/1.7.25/slf4j-api-1.7.25.jar:/home/shwetrai/.m2/repository/org/thymeleaf/extras/thymeleaf-extras-java8time/3.0.1.RELEASE/thymeleaf-extras-java8time-3.0.1.RELEASE.jar:/home/shwetrai/.m2/repository/org/springframework/boot/spring-boot-starter-web/2.1.0.RELEASE/spring-boot-starter-web-2.1.0.RELEASE.jar:/home/shwetrai/.m2/repository/org/springframework/boot/spring-boot-starter-json/2.1.0.RELEASE/spring-boot-starter-json-2.1.0.RELEASE.jar:/home/shwetrai/.m2/repository/com/fasterxml/jackson/core/jackson-databind/2.9.7/jackson-databind-2.9.7.jar:/home/shwetrai/.m2/repository/com/fasterxml/jackson/core/jackson-annotations/2.9.0/jackson-annotations-2.9.0.jar:/home/shwetrai/.m2/repository/com/fasterxml/jackson/core/jackson-core/2.9.7/jackson-core-2.9.7.jar:/home/shwetrai/.m2/repository/com/fasterxml/jackson/datatype/jackson-datatype-jdk8/2.9.7/jackson-datatype-jdk8-2.9.7.jar:/home/shwetrai/.m2/repository/com/fasterxml/jackson/datatype/jackson-datatype-jsr310/2.9.7/jackson-datatype-jsr310-2.9.7.jar:/home/shwetrai/.m2/repository/com/fasterxml/jackson/module/jackson-module-parameter-names/2.9.7/jackson-module-parameter-names-2.9.7.jar:/home/shwetrai/.m2/repository/org/springframework/boot/spring-boot-starter-tomcat/2.1.0.RELEASE/spring-boot-starter-tomcat-2.1.0.RELEASE.jar:/home/shwetrai/.m2/repository/org/apache/tomcat/embed/tomcat-embed-core/9.0.12/tomcat-embed-core-9.0.12.jar:/home/shwetrai/.m2/repository/org/apache/tomcat/embed/tomcat-embed-el/9.0.12/tomcat-embed-el-9.0.12.jar:/home/shwetrai/.m2/repository/org/apache/tomcat/embed/tomcat-embed-websocket/9.0.12/tomcat-embed-websocket-9.0.12.jar:/home/shwetrai/.m2/repository/org/hibernate/validator/hibernate-validator/6.0.13.Final/hibernate-validator-6.0.13.Final.jar:/home/shwetrai/.m2/repository/javax/validation/validation-api/2.0.1.Final/validation-api-2.0.1.Final.jar:/home/shwetrai/.m2/repository/org/jboss/logging/jboss-logging/3.3.2.Final/jboss-logging-3.3.2.Final.jar:/home/shwetrai/.m2/repository/com/fasterxml/classmate/1.4.0/classmate-1.4.0.jar:/home/shwetrai/.m2/repository/org/springframework/spring-web/5.1.2.RELEASE/spring-web-5.1.2.RELEASE.jar:/home/shwetrai/.m2/repository/org/springframework/spring-beans/5.1.2.RELEASE/spring-beans-5.1.2.RELEASE.jar:/home/shwetrai/.m2/repository/org/springframework/spring-webmvc/5.1.2.RELEASE/spring-webmvc-5.1.2.RELEASE.jar:/home/shwetrai/.m2/repository/org/springframework/spring-aop/5.1.2.RELEASE/spring-aop-5.1.2.RELEASE.jar:/home/shwetrai/.m2/repository/org/springframework/spring-context/5.1.2.RELEASE/spring-context-5.1.2.RELEASE.jar:/home/shwetrai/.m2/repository/org/springframework/spring-expression/5.1.2.RELEASE/spring-expression-5.1.2.RELEASE.jar:/home/shwetrai/.m2/repository/org/springframework/boot/spring-boot-starter-test/2.1.0.RELEASE/spring-boot-starter-test-2.1.0.RELEASE.jar:/home/shwetrai/.m2/repository/org/springframework/boot/spring-boot-test/2.1.0.RELEASE/spring-boot-test-2.1.0.RELEASE.jar:/home/shwetrai/.m2/repository/org/springframework/boot/spring-boot-test-autoconfigure/2.1.0.RELEASE/spring-boot-test-autoconfigure-2.1.0.RELEASE.jar:/home/shwetrai/.m2/repository/com/jayway/jsonpath/json-path/2.4.0/json-path-2.4.0.jar:/home/shwetrai/.m2/repository/net/minidev/json-smart/2.3/json-smart-2.3.jar:/home/shwetrai/.m2/repository/net/minidev/accessors-smart/1.2/accessors-smart-1.2.jar:/home/shwetrai/.m2/repository/org/ow2/asm/asm/5.0.4/asm-5.0.4.jar:/home/shwetrai/.m2/repository/junit/junit/4.12/junit-4.12.jar:/home/shwetrai/.m2/repository/org/assertj/assertj-core/3.11.1/assertj-core-3.11.1.jar:/home/shwetrai/.m2/repository/org/mockito/mockito-core/2.23.0/mockito-core-2.23.0.jar:/home/shwetrai/.m2/repository/net/bytebuddy/byte-buddy/1.9.3/byte-buddy-1.9.3.jar:/home/shwetrai/.m2/repository/net/bytebuddy/byte-buddy-agent/1.9.3/byte-buddy-agent-1.9.3.jar:/home/shwetrai/.m2/repository/org/objenesis/objenesis/2.6/objenesis-2.6.jar:/home/shwetrai/.m2/repository/org/hamcrest/hamcrest-core/1.3/hamcrest-core-1.3.jar:/home/shwetrai/.m2/repository/org/hamcrest/hamcrest-library/1.3/hamcrest-library-1.3.jar:/home/shwetrai/.m2/repository/org/skyscreamer/jsonassert/1.5.0/jsonassert-1.5.0.jar:/home/shwetrai/.m2/repository/com/vaadin/external/google/android-json/0.0.20131108.vaadin1/android-json-0.0.20131108.vaadin1.jar:/home/shwetrai/.m2/repository/org/springframework/spring-core/5.1.2.RELEASE/spring-core-5.1.2.RELEASE.jar:/home/shwetrai/.m2/repository/org/springframework/spring-jcl/5.1.2.RELEASE/spring-jcl-5.1.2.RELEASE.jar:/home/shwetrai/.m2/repository/org/springframework/spring-test/5.1.2.RELEASE/spring-test-5.1.2.RELEASE.jar:/home/shwetrai/.m2/repository/org/xmlunit/xmlunit-core/2.6.2/xmlunit-core-2.6.2.jar:/home/shwetrai/.m2/repository/org/springframework/boot/spring-boot-configuration-processor/2.1.0.RELEASE/spring-boot-configuration-processor-2.1.0.RELEASE.jar:"/>
    <property name="com.ibm.packed.version" value="2"/>
    <property name="sun.cpu.endian" value="little"/>
    <property name="user.home" value="/home/shwetrai"/>
    <property name="user.language" value="en"/>
    <property name="java.util.prefs.PreferencesFactory" value="java.util.prefs.FileSystemPreferencesFactory"/>
    <property name="java.specification.vendor" value="Oracle Corporation"/>
    <property name="java.home" value="/usr/local/WebSphereLiberty/java/java/jre"/>
    <property name="ibm.signalhandling.rs" value="false"/>
    <property name="file.separator" value="/"/>
    <property name="basedir" value="/home/shwetrai/STS/SpringWorkspace/SISOnboardingWrkspc/PMOtoolUI/SISOnboarding"/>
    <property name="line.separator" value="&#10;"/>
    <property name="java.vm.specification.vendor" value="Oracle Corporation"/>
    <property name="java.specification.name" value="Java Platform API Specification"/>
    <property name="java.compiler" value="j9jit28"/>
    <property name="com.ibm.util.extralibs.properties" value=""/>
    <property name="sun.java.launcher.pid" value="1730"/>
    <property name="java.awt.graphicsenv" value="sun.awt.X11GraphicsEnvironment"/>
    <property name="com.ibm.oti.configuration" value="scar"/>
    <property name="java.awt.fonts" value=""/>
    <property name="surefire.real.class.path" value="/home/shwetrai/STS/SpringWorkspace/SISOnboardingWrkspc/PMOtoolUI/SISOnboarding/target/surefire/surefirebooter5816381929217172129.jar"/>
    <property name="com.ibm.oti.shared.enabled" value="false"/>
    <property name="sun.boot.class.path" value="/usr/local/WebSphereLiberty/java/java/jre/lib/amd64/compressedrefs/jclSC180/vm.jar:/usr/local/WebSphereLiberty/java/java/jre/lib/se-service.jar:/usr/local/WebSphereLiberty/java/java/jre/lib/cuda4j.jar:/usr/local/WebSphereLiberty/java/java/jre/lib/math.jar:/usr/local/WebSphereLiberty/java/java/jre/lib/ibmorb.jar:/usr/local/WebSphereLiberty/java/java/jre/lib/ibmorbapi.jar:/usr/local/WebSphereLiberty/java/java/jre/lib/ibmcfw.jar:/usr/local/WebSphereLiberty/java/java/jre/lib/ibmpkcs.jar:/usr/local/WebSphereLiberty/java/java/jre/lib/ibmcertpathfw.jar:/usr/local/WebSphereLiberty/java/java/jre/lib/ibmjgssfw.jar:/usr/local/WebSphereLiberty/java/java/jre/lib/ibmjssefw.jar:/usr/local/WebSphereLiberty/java/java/jre/lib/ibmsaslfw.jar:/usr/local/WebSphereLiberty/java/java/jre/lib/ibmjcefw.jar:/usr/local/WebSphereLiberty/java/java/jre/lib/ibmjgssprovider.jar:/usr/local/WebSphereLiberty/java/java/jre/lib/ibmjsseprovider2.jar:/usr/local/WebSphereLiberty/java/java/jre/lib/ibmcertpathprovider.jar:/usr/local/WebSphereLiberty/java/java/jre/lib/xmldsigfw.jar:/usr/local/WebSphereLiberty/java/java/jre/lib/xml.jar:/usr/local/WebSphereLiberty/java/java/jre/lib/charsets.jar:/usr/local/WebSphereLiberty/java/java/jre/lib/resources.jar:/usr/local/WebSphereLiberty/java/java/jre/lib/rt.jar:/usr/local/WebSphereLiberty/java/java/jre/lib/dataaccess.jar"/>
    <property name="com.ibm.oti.vm.bootstrap.library.path" value="/usr/local/WebSphereLiberty/java/java/jre/lib/amd64/compressedrefs:/usr/local/WebSphereLiberty/java/java/jre/lib/amd64"/>
    <property name="com.ibm.cpu.endian" value="little"/>
    <property name="java.fullversion" value="JRE 1.8.0 IBM J9 2.8 Linux amd64-64 Compressed References 20170419_344392 (JIT enabled, AOT enabled)&#10;J9VM - R28_20170419_1004_B344392&#10;JIT  - tr.r14.java_20170419_344392&#10;GC   - R28_20170419_1004_B344392_CMPRSS&#10;J9CL - 20170419_344392"/>
    <property name="java.runtime.version" value="pxa6480sr4fp5-20170421_01 (SR4 FP5)"/>
    <property name="user.name" value="shwetrai"/>
    <property name="path.separator" value=":"/>
    <property name="os.version" value="3.10.0-862.14.4.el7.x86_64"/>
    <property name="java.endorsed.dirs" value="/usr/local/WebSphereLiberty/java/java/jre/lib/endorsed"/>
    <property name="java.runtime.name" value="Java(TM) SE Runtime Environment"/>
    <property name="ibm.signalhandling.sigint" value="true"/>
    <property name="file.encoding" value="UTF-8"/>
    <property name="java.vm.name" value="IBM J9 VM"/>
    <property name="ibm.signalhandling.sigchain" value="true"/>
    <property name="localRepository" value="/home/shwetrai/.m2/repository"/>
    <property name="java.io.tmpdir" value="/tmp"/>
    <property name="java.version" value="1.8.0"/>
    <property name="com.ibm.system.agent.path" value="/usr/local/WebSphereLiberty/java/java/jre/lib/amd64"/>
    <property name="user.dir" value="/home/shwetrai/STS/SpringWorkspace/SISOnboardingWrkspc/PMOtoolUI/SISOnboarding"/>
    <property name="os.arch" value="amd64"/>
    <property name="java.vm.specification.name" value="Java Virtual Machine Specification"/>
    <property name="java.awt.printerjob" value="sun.print.PSPrinterJob"/>
    <property name="sun.java2d.fontpath" value=""/>
    <property name="os.encoding" value="UTF-8"/>
    <property name="com.ibm.oti.jcl.build" value="20170419_344392"/>
    <property name="java.library.path" value="/usr/local/WebSphereLiberty/java/java/jre/lib/amd64/compressedrefs:/usr/local/WebSphereLiberty/java/java/jre/lib/amd64:/usr/lib64:/usr/lib"/>
    <property name="java.vendor" value="IBM Corporation"/>
    <property name="java.vm.info" value="JRE 1.8.0 Linux amd64-64 Compressed References 20170419_344392 (JIT enabled, AOT enabled)&#10;J9VM - R28_20170419_1004_B344392&#10;JIT  - tr.r14.java_20170419_344392&#10;GC   - R28_20170419_1004_B344392_CMPRSS&#10;J9CL - 20170419_344392"/>
    <property name="java.vm.version" value="2.8"/>
    <property name="com.ibm.jcl.checkClassPath" value=""/>
    <property name="ibm.system.encoding" value="UTF-8"/>
    <property name="sun.io.unicode.encoding" value="UnicodeLittle"/>
    <property name="java.ext.dirs" value="/usr/local/WebSphereLiberty/java/java/jre/lib/ext"/>
    <property name="java.class.version" value="52.0"/>
  </properties>
  <testcase name="contextLoads" classname="com.sis.onboarding.SisOnboardingApplicationTests" time="0.256"/>
</testsuite>